[19:47:18] [main/INFO]: ModLauncher running: args [--launchTarget, neoforgeclientdev, --version, 21.4.47-beta, --assetIndex, asset-index, --assetsDir, C:\\Users\\simon\\.gradle\\caches\\minecraft\\assets, --gameDir, ., --fml.fmlVersion, 6.0.4, --fml.mcVersion, 1.21.4, --fml.neoForgeVersion, 21.4.47-beta, --fml.neoFormVersion, 20241203.161809]
[19:47:18] [main/INFO]: JVM identified as Eclipse Adoptium OpenJDK 64-Bit Server VM 21.0.3+9-LTS
[19:47:19] [main/INFO]: ModLauncher 11.0.4+main.d2e20e43 starting: java version 21.0.3 by Eclipse Adoptium; OS Windows 10 arch amd64 version 10.0
[19:47:19] [main/INFO]: Loading ImmediateWindowProvider fmlearlywindow
[19:47:19] [main/INFO]: Trying GL version 4.6
[19:47:19] [main/INFO]: Requested GL version 4.6 got version 4.6
[19:47:20] [main/INFO]: SpongePowered MIXIN Subsystem Version=0.8.7 Source=union:/C:/Users/simon/.gradle/caches/modules-2/files-2.1/net.fabricmc/sponge-mixin/0.15.2+mixin.0.8.7/2af2f021d8e02a0220dc27a7a72b4666d66d44ca/sponge-mixin-0.15.2+mixin.0.8.7.jar%23166!/ Service=ModLauncher Env=CLIENT
[19:47:20] [main/INFO]: Found mod file "neoforge-21.4.47-beta.jar" [locator: neoforge devenv provider ([D:\Projects\RPG-Mod\.gradle\repositories\ng_dummy_ng\net\neoforged\neoforge\21.4.47-beta\neoforge-21.4.47-beta.jar])]
[19:47:20] [main/INFO]: Found mod file "neoforge-21.4.47-beta.jar" [locator: neoforge devenv provider ([D:\Projects\RPG-Mod\.gradle\repositories\ng_dummy_ng\net\neoforged\neoforge\21.4.47-beta\neoforge-21.4.47-beta.jar])]
[19:47:20] [main/INFO]: Found mod file "main" [locator: userdev mods and services, reader: mod manifest]
[19:47:20] [main/INFO]: Found mod file "neoforge-21.4.47-beta.jar" [locator: userdev mods and services, reader: mod manifest]
[19:47:20] [main/INFO]: Found gamelibrary file "mixinextras-neoforge-0.4.1.jar" [locator: userdev mods and services, reader: mod manifest]
[19:47:20] [pool-2-thread-1/INFO]: GL info: NVIDIA GeForce GTX 1080 Ti/PCIe/SSE2 GL version 4.6.0 NVIDIA 566.36, NVIDIA Corporation
[19:47:21] [main/WARN]: Attempted to select a dependency jar for JarJar which was passed in as source: library:mixinextras.neoforge. Using Mod File: C:\Users\simon\.gradle\caches\modules-2\files-2.1\io.github.llamalad7\mixinextras-neoforge\0.4.1\eff97772ecd0dcf8e52cdbafd3b3ccec425f8314\mixinextras-neoforge-0.4.1.jar
[19:47:21] [main/INFO]: Found 1 dependencies adding them to mods collection
[19:47:21] [main/INFO]: Found library file "net.neoforged.neoforge-coremods-21.4.47-beta.jar" [parent: neoforge-21.4.47-beta.jar, locator: jarinjar, reader: mod manifest]
[19:47:21] [main/INFO]: 
     Mod List:
		Name Version (Mod Id)

		Minecraft 1.21.4 (minecraft)
		NeoForge 21.4.47-beta (neoforge)
		RPG 1.0.0 (rpg)
[19:47:22] [main/INFO]: Launching target 'neoforgeclientdev' with arguments [--version, 21.4.47-beta, --gameDir, ., --assetsDir, C:\Users\simon\.gradle\caches\minecraft\assets, --assetIndex, asset-index]
[29Dec2024 19:47:27.824] [pool-7-thread-1/INFO] [MixinExtras|Service/]: Initializing MixinExtras via com.llamalad7.mixinextras.service.MixinExtrasServiceImpl(version=0.4.1).
[29Dec2024 19:47:29.066] [Datafixer Bootstrap/INFO] [com.mojang.datafixers.DataFixerBuilder/]: 246 Datafixer optimizations took 2703 milliseconds
[29Dec2024 19:47:37.426] [main/WARN] [net.minecraft.commands.Commands/]: Ambiguity between arguments [teleport, location] and [teleport, destination] with inputs: [0.1 -0.5 .9, 0 0 0]
[29Dec2024 19:47:37.427] [main/WARN] [net.minecraft.commands.Commands/]: Ambiguity between arguments [teleport, location] and [teleport, targets] with inputs: [0.1 -0.5 .9, 0 0 0]
[29Dec2024 19:47:37.431] [main/WARN] [net.minecraft.commands.Commands/]: Ambiguity between arguments [teleport, destination] and [teleport, targets] with inputs: [Player, 0123, @e, dd12be42-52a9-4a91-a8a1-11c01849e498]
[29Dec2024 19:47:37.434] [main/WARN] [net.minecraft.commands.Commands/]: Ambiguity between arguments [teleport, targets] and [teleport, destination] with inputs: [Player, 0123, dd12be42-52a9-4a91-a8a1-11c01849e498]
[29Dec2024 19:47:37.437] [main/WARN] [net.minecraft.commands.Commands/]: Ambiguity between arguments [teleport, targets, location] and [teleport, targets, destination] with inputs: [0.1 -0.5 .9, 0 0 0]
[29Dec2024 19:47:37.589] [Render thread/WARN] [net.minecraft.server.packs.VanillaPackResourcesBuilder/]: Assets URL 'union:/D:/Projects/RPG-Mod/.gradle/repositories/ng_dummy_ng/net/neoforged/neoforge/21.4.47-beta/neoforge-21.4.47-beta.jar%23221!/assets/.mcassetsroot' uses unexpected schema
[29Dec2024 19:47:37.590] [Render thread/WARN] [net.minecraft.server.packs.VanillaPackResourcesBuilder/]: Assets URL 'union:/D:/Projects/RPG-Mod/.gradle/repositories/ng_dummy_ng/net/neoforged/neoforge/21.4.47-beta/neoforge-21.4.47-beta.jar%23221!/data/.mcassetsroot' uses unexpected schema
[29Dec2024 19:47:37.624] [Render thread/INFO] [com.mojang.authlib.yggdrasil.YggdrasilAuthenticationService/]: Environment: Environment[sessionHost=https://sessionserver.mojang.com, servicesHost=https://api.minecraftservices.com, name=PROD]
[29Dec2024 19:47:37.639] [Render thread/INFO] [net.minecraft.client.Minecraft/]: Setting user: Dev
[29Dec2024 19:47:37.783] [Render thread/INFO] [net.minecraft.client.Minecraft/]: Backend library: LWJGL version 3.3.3+5
[29Dec2024 19:47:38.370] [modloading-worker-0/INFO] [net.neoforged.neoforge.common.NeoForgeMod/NEOFORGE-MOD]: NeoForge mod loading, version 21.4.47-beta, for MC 1.21.4
[29Dec2024 19:47:39.950] [Render thread/INFO] [net.neoforged.neoforge.gametest.GameTestHooks/]: Enabled Gametest Namespaces: []
[29Dec2024 19:47:40.280] [Render thread/INFO] [net.minecraft.server.packs.resources.ReloadableResourceManager/]: Reloading ResourceManager: vanilla, mod_resources, mod/rpg, mod/neoforge
[29Dec2024 19:47:40.516] [resourceLoad/INFO] [net.minecraft.client.gui.font.providers.UnihexProvider/]: Found unifont_all_no_pua-15.1.05.hex, loading
[29Dec2024 19:47:41.547] [resourceLoad/INFO] [net.minecraft.client.gui.font.providers.UnihexProvider/]: Found unifont_jp_patch-15.1.05.hex, loading
[29Dec2024 19:47:43.798] [Render thread/ERROR] [net.minecraft.client.sounds.SoundManager/]: Missing subtitle translation{key='subtitles.ambient.cave', args=[]} for sound event: minecraft:ambient.cave
[29Dec2024 19:47:43.798] [Render thread/WARN] [net.minecraft.client.sounds.SoundEngine/]: Missing sound for event: minecraft:ui.hud.bubble_pop
[29Dec2024 19:47:43.799] [Render thread/WARN] [net.minecraft.client.sounds.SoundEngine/]: Missing sound for event: minecraft:entity.creaking.ambient
[29Dec2024 19:47:43.799] [Render thread/WARN] [net.minecraft.client.sounds.SoundEngine/]: Missing sound for event: minecraft:entity.creaking.activate
[29Dec2024 19:47:43.799] [Render thread/WARN] [net.minecraft.client.sounds.SoundEngine/]: Missing sound for event: minecraft:entity.creaking.deactivate
[29Dec2024 19:47:43.799] [Render thread/WARN] [net.minecraft.client.sounds.SoundEngine/]: Missing sound for event: minecraft:entity.creaking.attack
[29Dec2024 19:47:43.799] [Render thread/WARN] [net.minecraft.client.sounds.SoundEngine/]: Missing sound for event: minecraft:entity.creaking.death
[29Dec2024 19:47:43.799] [Render thread/WARN] [net.minecraft.client.sounds.SoundEngine/]: Missing sound for event: minecraft:entity.creaking.step
[29Dec2024 19:47:43.800] [Render thread/WARN] [net.minecraft.client.sounds.SoundEngine/]: Missing sound for event: minecraft:entity.creaking.freeze
[29Dec2024 19:47:43.800] [Render thread/WARN] [net.minecraft.client.sounds.SoundEngine/]: Missing sound for event: minecraft:entity.creaking.unfreeze
[29Dec2024 19:47:43.800] [Render thread/WARN] [net.minecraft.client.sounds.SoundEngine/]: Missing sound for event: minecraft:entity.creaking.spawn
[29Dec2024 19:47:43.800] [Render thread/WARN] [net.minecraft.client.sounds.SoundEngine/]: Missing sound for event: minecraft:entity.creaking.sway
[29Dec2024 19:47:43.800] [Render thread/WARN] [net.minecraft.client.sounds.SoundEngine/]: Missing sound for event: minecraft:entity.creaking.twitch
[29Dec2024 19:47:43.802] [Render thread/WARN] [net.minecraft.client.sounds.SoundEngine/]: Missing sound for event: minecraft:block.creaking_heart.break
[29Dec2024 19:47:43.802] [Render thread/WARN] [net.minecraft.client.sounds.SoundEngine/]: Missing sound for event: minecraft:block.creaking_heart.fall
[29Dec2024 19:47:43.802] [Render thread/WARN] [net.minecraft.client.sounds.SoundEngine/]: Missing sound for event: minecraft:block.creaking_heart.hit
[29Dec2024 19:47:43.802] [Render thread/WARN] [net.minecraft.client.sounds.SoundEngine/]: Missing sound for event: minecraft:block.creaking_heart.hurt
[29Dec2024 19:47:43.802] [Render thread/WARN] [net.minecraft.client.sounds.SoundEngine/]: Missing sound for event: minecraft:block.creaking_heart.place
[29Dec2024 19:47:43.802] [Render thread/WARN] [net.minecraft.client.sounds.SoundEngine/]: Missing sound for event: minecraft:block.creaking_heart.step
[29Dec2024 19:47:43.802] [Render thread/WARN] [net.minecraft.client.sounds.SoundEngine/]: Missing sound for event: minecraft:block.creaking_heart.idle
[29Dec2024 19:47:43.803] [Render thread/WARN] [net.minecraft.client.sounds.SoundEngine/]: Missing sound for event: minecraft:block.creaking_heart.spawn
[29Dec2024 19:47:43.803] [Render thread/WARN] [net.minecraft.client.sounds.SoundEngine/]: Missing sound for event: minecraft:block.eyeblossom.open_long
[29Dec2024 19:47:43.803] [Render thread/WARN] [net.minecraft.client.sounds.SoundEngine/]: Missing sound for event: minecraft:block.eyeblossom.open
[29Dec2024 19:47:43.803] [Render thread/WARN] [net.minecraft.client.sounds.SoundEngine/]: Missing sound for event: minecraft:block.eyeblossom.close_long
[29Dec2024 19:47:43.803] [Render thread/WARN] [net.minecraft.client.sounds.SoundEngine/]: Missing sound for event: minecraft:block.eyeblossom.close
[29Dec2024 19:47:43.803] [Render thread/WARN] [net.minecraft.client.sounds.SoundEngine/]: Missing sound for event: minecraft:block.eyeblossom.idle
[29Dec2024 19:47:43.803] [Render thread/WARN] [net.minecraft.client.sounds.SoundEngine/]: Missing sound for event: minecraft:block.pale_hanging_moss.idle
[29Dec2024 19:47:43.803] [Render thread/WARN] [net.minecraft.client.sounds.SoundEngine/]: Missing sound for event: minecraft:entity.parrot.imitate.creaking
[29Dec2024 19:47:43.803] [Render thread/WARN] [net.minecraft.client.sounds.SoundEngine/]: Missing sound for event: minecraft:block.spawner.fall
[29Dec2024 19:47:43.803] [Render thread/WARN] [net.minecraft.client.sounds.SoundEngine/]: Missing sound for event: minecraft:block.resin.break
[29Dec2024 19:47:43.805] [Render thread/WARN] [net.minecraft.client.sounds.SoundEngine/]: Missing sound for event: minecraft:block.resin.fall
[29Dec2024 19:47:43.805] [Render thread/WARN] [net.minecraft.client.sounds.SoundEngine/]: Missing sound for event: minecraft:block.resin.place
[29Dec2024 19:47:43.805] [Render thread/WARN] [net.minecraft.client.sounds.SoundEngine/]: Missing sound for event: minecraft:block.resin.step
[29Dec2024 19:47:43.805] [Render thread/WARN] [net.minecraft.client.sounds.SoundEngine/]: Missing sound for event: minecraft:block.resin_bricks.break
[29Dec2024 19:47:43.805] [Render thread/WARN] [net.minecraft.client.sounds.SoundEngine/]: Missing sound for event: minecraft:block.resin_bricks.fall
[29Dec2024 19:47:43.805] [Render thread/WARN] [net.minecraft.client.sounds.SoundEngine/]: Missing sound for event: minecraft:block.resin_bricks.hit
[29Dec2024 19:47:43.805] [Render thread/WARN] [net.minecraft.client.sounds.SoundEngine/]: Missing sound for event: minecraft:block.resin_bricks.place
[29Dec2024 19:47:43.805] [Render thread/WARN] [net.minecraft.client.sounds.SoundEngine/]: Missing sound for event: minecraft:block.resin_bricks.step
[29Dec2024 19:47:43.870] [Render thread/INFO] [com.mojang.blaze3d.audio.Library/]: OpenAL initialized on device OpenAL Soft on Hörlurar på headset (Astro A50 Voice)
[29Dec2024 19:47:43.872] [Render thread/INFO] [net.minecraft.client.sounds.SoundEngine/SOUNDS]: Sound engine started
[29Dec2024 19:47:44.081] [Render thread/INFO] [net.minecraft.client.renderer.texture.TextureAtlas/]: Created: 1024x512x4 minecraft:textures/atlas/blocks.png-atlas
[29Dec2024 19:47:44.100] [Render thread/INFO] [net.minecraft.client.renderer.texture.TextureAtlas/]: Created: 256x256x4 minecraft:textures/atlas/signs.png-atlas
[29Dec2024 19:47:44.100] [Render thread/INFO] [net.minecraft.client.renderer.texture.TextureAtlas/]: Created: 512x512x4 minecraft:textures/atlas/shield_patterns.png-atlas
[29Dec2024 19:47:44.102] [Render thread/INFO] [net.minecraft.client.renderer.texture.TextureAtlas/]: Created: 512x512x4 minecraft:textures/atlas/banner_patterns.png-atlas
[29Dec2024 19:47:44.104] [Render thread/INFO] [net.minecraft.client.renderer.texture.TextureAtlas/]: Created: 2048x1024x4 minecraft:textures/atlas/armor_trims.png-atlas
[29Dec2024 19:47:44.114] [Render thread/INFO] [net.minecraft.client.renderer.texture.TextureAtlas/]: Created: 128x64x4 minecraft:textures/atlas/decorated_pot.png-atlas
[29Dec2024 19:47:44.115] [Render thread/INFO] [net.minecraft.client.renderer.texture.TextureAtlas/]: Created: 256x256x4 minecraft:textures/atlas/chest.png-atlas
[29Dec2024 19:47:44.115] [Render thread/INFO] [net.minecraft.client.renderer.texture.TextureAtlas/]: Created: 512x256x4 minecraft:textures/atlas/shulker_boxes.png-atlas
[29Dec2024 19:47:44.116] [Render thread/INFO] [net.minecraft.client.renderer.texture.TextureAtlas/]: Created: 512x256x4 minecraft:textures/atlas/beds.png-atlas
[29Dec2024 19:47:44.120] [Render thread/INFO] [net.minecraft.client.renderer.texture.TextureAtlas/]: Created: 64x64x0 minecraft:textures/atlas/map_decorations.png-atlas
[29Dec2024 19:47:44.421] [Render thread/INFO] [net.minecraft.client.renderer.texture.TextureAtlas/]: Created: 512x256x0 minecraft:textures/atlas/particles.png-atlas
[29Dec2024 19:47:44.423] [Render thread/INFO] [net.minecraft.client.renderer.texture.TextureAtlas/]: Created: 512x256x0 minecraft:textures/atlas/paintings.png-atlas
[29Dec2024 19:47:44.424] [Render thread/INFO] [net.minecraft.client.renderer.texture.TextureAtlas/]: Created: 256x128x0 minecraft:textures/atlas/mob_effects.png-atlas
[29Dec2024 19:47:44.424] [Render thread/INFO] [net.minecraft.client.renderer.texture.TextureAtlas/]: Created: 1024x512x0 minecraft:textures/atlas/gui.png-atlas
[29Dec2024 19:47:44.433] [Render thread/INFO] [net.neoforged.neoforge.client.entity.animation.json.AnimationLoader/]: Loaded 0 entity animations
[29Dec2024 19:47:49.878] [Render thread/INFO] [net.minecraft.world.item.crafting.RecipeManager/]: Loaded 1370 recipes
[29Dec2024 19:47:49.903] [Render thread/INFO] [net.minecraft.advancements.AdvancementTree/]: Loaded 1481 advancements
[29Dec2024 19:47:50.217] [Server thread/INFO] [net.minecraft.client.server.IntegratedServer/]: Starting integrated minecraft server version 1.21.4
[29Dec2024 19:47:50.218] [Server thread/INFO] [net.minecraft.server.MinecraftServer/]: Generating keypair
[29Dec2024 19:47:50.631] [Server thread/INFO] [net.minecraft.server.MinecraftServer/]: Preparing start region for dimension minecraft:overworld
[29Dec2024 19:47:50.850] [progressListener/INFO] [net.minecraft.server.level.progress.LoggerChunkProgressListener/]: Preparing spawn area: 0%
[29Dec2024 19:47:51.010] [progressListener/INFO] [net.minecraft.server.level.progress.LoggerChunkProgressListener/]: Time elapsed: 366 ms
[29Dec2024 19:47:51.012] [Server thread/INFO] [net.neoforged.neoforge.server.permission.PermissionAPI/]: Successfully initialized permission handler neoforge:default_handler
[29Dec2024 19:47:51.123] [Server thread/INFO] [net.minecraft.client.server.IntegratedServer/]: Changing view distance to 12, from 10
[29Dec2024 19:47:51.123] [Server thread/INFO] [net.minecraft.client.server.IntegratedServer/]: Changing simulation distance to 12, from 0
[29Dec2024 19:47:52.210] [Server thread/INFO] [net.minecraft.server.players.PlayerList/]: Dev[local:E:189412c8] logged in with entity id 70 at (10.5, -60.0, -3.5)
[29Dec2024 19:47:52.273] [Server thread/INFO] [net.minecraft.server.MinecraftServer/]: Dev joined the game
[29Dec2024 19:47:52.359] [Server thread/INFO] [lanse505.rpg.RPG/]: boop
[29Dec2024 19:47:52.359] [Server thread/INFO] [lanse505.rpg.RPG/]: rpg:test_2
[29Dec2024 19:47:52.359] [Server thread/INFO] [lanse505.rpg.RPG/]: rpg:test_3
[29Dec2024 19:47:52.359] [Server thread/INFO] [lanse505.rpg.RPG/]: rpg:test_4
[29Dec2024 19:47:52.360] [Server thread/INFO] [lanse505.rpg.RPG/]: rpg:test_1
[29Dec2024 19:47:52.450] [Render thread/INFO] [net.minecraft.advancements.AdvancementTree/]: Loaded 2 advancements
[29Dec2024 19:48:09.187] [Server thread/WARN] [net.minecraft.server.MinecraftServer/]: Can't keep up! Is the server overloaded? Running 12420ms or 248 ticks behind
[29Dec2024 19:48:09.317] [Server thread/INFO] [net.minecraft.client.server.IntegratedServer/]: Saving and pausing game...
[29Dec2024 19:48:09.344] [Server thread/INFO] [net.minecraft.server.MinecraftServer/]: Saving chunks for level 'ServerLevel[New World]'/minecraft:overworld
[29Dec2024 19:48:09.381] [Server thread/INFO] [net.minecraft.server.MinecraftServer/]: Saving chunks for level 'ServerLevel[New World]'/minecraft:the_nether
[29Dec2024 19:48:09.381] [Server thread/INFO] [net.minecraft.server.MinecraftServer/]: Saving chunks for level 'ServerLevel[New World]'/minecraft:the_end
[29Dec2024 19:49:05.285] [Server thread/INFO] [net.minecraft.client.server.IntegratedServer/]: Saving and pausing game...
[29Dec2024 19:49:05.309] [Server thread/INFO] [net.minecraft.server.MinecraftServer/]: Saving chunks for level 'ServerLevel[New World]'/minecraft:overworld
[29Dec2024 19:49:05.324] [Server thread/INFO] [net.minecraft.server.MinecraftServer/]: Saving chunks for level 'ServerLevel[New World]'/minecraft:the_nether
[29Dec2024 19:49:05.324] [Server thread/INFO] [net.minecraft.server.MinecraftServer/]: Saving chunks for level 'ServerLevel[New World]'/minecraft:the_end
[29Dec2024 19:49:05.337] [Server thread/WARN] [net.minecraft.server.MinecraftServer/]: Can't keep up! Is the server overloaded? Running 41170ms or 823 ticks behind
